<?xml version="1.0" encoding="UTF-8"?>
<!-- Generated by org.testng.reporters.JUnitXMLReporter -->
<testsuite hostname="GANESH-PC" ignored="0" name="Test" tests="2" failures="1" timestamp="30 Jul 2018 10:44:01 GMT" time="133.634" errors="0">
  <testcase name="validLogin" time="15.271" classname="scripts.TestValidLogin">
    <failure type="junit.framework.AssertionFailedError">
      <![CDATA[junit.framework.AssertionFailedError
at junit.framework.Assert.fail(Assert.java:55)
at junit.framework.Assert.fail(Assert.java:64)
at scripts.TestValidLogin.validLogin(TestValidLogin.java:25)
... Removed 25 stack frames]]>
    </failure>
  </testcase> <!-- validLogin -->
  <testcase name="testInvalidLogin" time="21.077" classname="scripts.TestInvalidLogin"/>
</testsuite> <!-- Test -->
