<?xml version="1.0" encoding="UTF-8"?>
<testng-results skipped="0" failed="0" ignored="0" total="1" passed="1">
  <reporter-output>
  </reporter-output>
  <suite name="Default suite" duration-ms="34195" started-at="2018-07-30T13:33:37Z" finished-at="2018-07-30T13:34:11Z">
    <groups>
    </groups>
    <test name="Default test" duration-ms="34195" started-at="2018-07-30T13:33:37Z" finished-at="2018-07-30T13:34:11Z">
      <class name="scripts.VerifyActiVersion">
        <test-method status="PASS" signature="openApplication()[pri:0, instance:scripts.VerifyActiVersion@78e67e0a]" name="openApplication" is-config="true" duration-ms="12646" started-at="2018-07-30T13:33:37Z" finished-at="2018-07-30T13:33:49Z">
          <reporter-output>
          </reporter-output>
        </test-method> <!-- openApplication -->
        <test-method status="PASS" signature="verifyActiTimeProductVersion()[pri:0, instance:scripts.VerifyActiVersion@78e67e0a]" name="verifyActiTimeProductVersion" duration-ms="19383" started-at="2018-07-30T13:33:49Z" finished-at="2018-07-30T13:34:09Z">
          <reporter-output>
          </reporter-output>
        </test-method> <!-- verifyActiTimeProductVersion -->
        <test-method status="PASS" signature="closeApplication(org.testng.ITestResult)[pri:0, instance:scripts.VerifyActiVersion@78e67e0a]" name="closeApplication" is-config="true" duration-ms="2137" started-at="2018-07-30T13:34:09Z" finished-at="2018-07-30T13:34:11Z">
          <params>
            <param index="0">
              <value>
                <![CDATA[[TestResult name=verifyActiTimeProductVersion status=SUCCESS method=VerifyActiVersion.verifyActiTimeProductVersion()[pri:0, instance:scripts.VerifyActiVersion@78e67e0a] output={null}]]]>
              </value>
            </param>
          </params>
          <reporter-output>
          </reporter-output>
        </test-method> <!-- closeApplication -->
      </class> <!-- scripts.VerifyActiVersion -->
    </test> <!-- Default test -->
  </suite> <!-- Default suite -->
</testng-results>
